Change Component Comment: Designator=C4 Old Comment=0.1uF New Comment=C0603C104J5RACTU
Change Component Comment: Designator=C5 Old Comment=0.1uF New Comment=C0603C104J5RACTU
Change Component Comment: Designator=C6 Old Comment=0.1uF New Comment=C0603C104J5RACTU
Change Component Comment: Designator=C7 Old Comment=0.1uF New Comment=C0603C104J5RACTU
Change Component Comment: Designator=C2 Old Comment=0.1uF New Comment=C0805C104M5UACTU
Change Component Comment: Designator=C3 Old Comment=0.1uF New Comment=C0805C104M5UACTU
Change Component Comment: Designator=C11 Old Comment=0.1uF New Comment=C0805C104M5UACTU
Change Component Comment: Designator=C9 Old Comment=0.22uF New Comment=C0603C224K3RACTU
Change Component Comment: Designator=R6 Old Comment=0O New Comment=RMCF0603ZT0R00
Change Component Comment: Designator=R7 Old Comment=0O New Comment=RMCF0603ZT0R00
Change Component Comment: Designator=R8 Old Comment=0O New Comment=RMCF0603ZT0R00
Change Component Comment: Designator=C10 Old Comment=1uF New Comment=C1206C105K3RACTU
Change Component Comment: Designator=R12 Old Comment=3.3kO New Comment=RMCF1210JT3K30
Change Component Comment: Designator=L1 Old Comment=6.8uH New Comment=MLZ2012N6R8LT000
Change Component Comment: Designator=R1 Old Comment=10kO New Comment=RMCF0603JT10K0
Change Component Comment: Designator=R2 Old Comment=10kO New Comment=RMCF0603JT10K0
Change Component Comment: Designator=R3 Old Comment=10kO New Comment=RMCF0603JT10K0
Change Component Comment: Designator=R4 Old Comment=10kO New Comment=RMCF0603JT10K0
Change Component Comment: Designator=C8 Old Comment=10uF New Comment=C0805C106K8PACTU
Change Component Comment: Designator=R9 Old Comment=15kO New Comment=RMCF1206JT15K0
Change Component Comment: Designator=C1 Old Comment=22uF New Comment=C3225X7R1C226M250AC
Change Component Comment: Designator=C12 Old Comment=22uF New Comment=C3225X7R1C226M250AC
Change Component Comment: Designator=C13 Old Comment=22uF New Comment=C3225X7R1C226M250AC
Change Component Comment: Designator=C14 Old Comment=22uF New Comment=C3225X7R1C226M250AC
Change Component Comment: Designator=R10 Old Comment=100kO New Comment=RMCF0402FT100K
Change Component Comment: Designator=R11 Old Comment=100kO New Comment=RMCF0402FT100K
Change Pin Designator/Name:  Old Designator=U1-15 Old Name=IO3 New Designator =IO45 New Name=26
Change Pin Designator/Name:  Old Designator=U1-26 Old Name=IO45 New Designator =EN New Name=3
